#
# There is insufficient memory for the Java Runtime Environment to continue.
# Native memory allocation (malloc) failed to allocate 32744 bytes for ChunkPool::allocate
# Possible reasons:
#   The system is out of physical RAM or swap space
#   In 32 bit mode, the process size limit was hit
# Possible solutions:
#   Reduce memory load on the system
#   Increase physical memory or swap space
#   Check if swap backing store is full
#   Use 64 bit Java on a 64 bit OS
#   Decrease Java heap size (-Xmx/-Xms)
#   Decrease number of Java threads
#   Decrease Java thread stack sizes (-Xss)
#   Set larger code cache with -XX:ReservedCodeCacheSize=
# This output file may be truncated or incomplete.
#
#  Out of Memory Error (allocation.cpp:273), pid=7416, tid=0x0000000000001a60
#
# JRE version: Java(TM) SE Runtime Environment (8.0_171-b11) (build 1.8.0_171-b11)
# Java VM: Java HotSpot(TM) 64-Bit Server VM (25.171-b11 mixed mode windows-amd64 compressed oops)
# Failed to write core dump. Minidumps are not enabled by default on client versions of Windows
#

---------------  T H R E A D  ---------------

Current thread (0x0000000014b78000):  JavaThread "C2 CompilerThread1" daemon [_thread_in_native, id=6752, stack(0x00000000162a0000,0x00000000163a0000)]

Stack: [0x00000000162a0000,0x00000000163a0000]
[error occurred during error reporting (printing stack bounds), id 0xc0000005]

Native frames: (J=compiled Java code, j=interpreted, Vv=VM code, C=native code)


Current CompileTask:
C2:  16705 2198       4       sun.reflect.generics.parser.SignatureParser::parseFieldTypeSignature (73 bytes)


---------------  P R O C E S S  ---------------

Java Threads: ( => current thread )
  0x0000000016cd8800 JavaThread "ReaderThread" [_thread_in_native, id=3112, stack(0x0000000017680000,0x0000000017780000)]
  0x00000000164d9800 JavaThread "Service Thread" daemon [_thread_blocked, id=3060, stack(0x00000000168a0000,0x00000000169a0000)]
  0x0000000014b86800 JavaThread "C1 CompilerThread2" daemon [_thread_blocked, id=6348, stack(0x00000000163a0000,0x00000000164a0000)]
=>0x0000000014b78000 JavaThread "C2 CompilerThread1" daemon [_thread_in_native, id=6752, stack(0x00000000162a0000,0x00000000163a0000)]
  0x0000000014b73000 JavaThread "C2 CompilerThread0" daemon [_thread_blocked, id=2792, stack(0x00000000161a0000,0x00000000162a0000)]
  0x0000000014b71000 JavaThread "Attach Listener" daemon [_thread_blocked, id=2904, stack(0x00000000160a0000,0x00000000161a0000)]
  0x0000000014b6f800 JavaThread "Signal Dispatcher" daemon [_thread_blocked, id=6900, stack(0x0000000015fa0000,0x00000000160a0000)]
  0x0000000014b5a800 JavaThread "Finalizer" daemon [_thread_blocked, id=7676, stack(0x0000000015dc0000,0x0000000015ec0000)]
  0x0000000002552800 JavaThread "Reference Handler" daemon [_thread_blocked, id=7076, stack(0x0000000015cc0000,0x0000000015dc0000)]
  0x0000000002463800 JavaThread "main" [_thread_in_native, id=3696, stack(0x0000000002340000,0x0000000002440000)]

Other Threads:
  0x0000000014b38000 VMThread [stack: 0x0000000015bc0000,0x0000000015cc0000] [id=8144]
  0x00000000164f2000 WatcherThread [stack: 0x00000000169a0000,0x0000000016aa0000] [id=4668]

VM state:not at safepoint (normal execution)

VM Mutex/Monitor currently owned by a thread: None

Heap:
 PSYoungGen      total 75776K, used 6709K [0x00000000eb300000, 0x00000000f4800000, 0x0000000100000000)
  eden space 64512K, 10% used [0x00000000eb300000,0x00000000eb98d5c0,0x00000000ef200000)
  from space 11264K, 0% used [0x00000000ef200000,0x00000000ef200000,0x00000000efd00000)
  to   space 11776K, 0% used [0x00000000f3c80000,0x00000000f3c80000,0x00000000f4800000)
 ParOldGen       total 47616K, used 16750K [0x00000000c1800000, 0x00000000c4680000, 0x00000000eb300000)
  object space 47616K, 35% used [0x00000000c1800000,0x00000000c285bbe0,0x00000000c4680000)
 Metaspace       used 20936K, capacity 21690K, committed 21936K, reserved 1069056K
  class space    used 2612K, capacity 2924K, committed 2992K, reserved 1048576K

Card table byte_map: [0x0000000011920000,0x0000000011b20000] byte_map_base: 0x0000000011314000

Marking Bits: (ParMarkBitMap*) 0x000000005f0a08c0
 Begin Bits: [0x0000000012070000, 0x0000000013010000)
 End Bits:   [0x0000000013010000, 0x0000000013fb0000)

Polling page: 0x0000000000be0000

CodeCache: size=245760Kb used=9347Kb max_used=9359Kb free=236412Kb
 bounds [0x0000000002560000, 0x0000000002e90000, 0x0000000011560000]
 total_blobs=2933 nmethods=2274 adapters=571
 compilation: enabled

Compilation events (10 events):
Event: 16.636 Thread 0x0000000014b86800 2272       3       java.lang.Throwable$WrappedPrintWriter::println (9 bytes)
Event: 16.637 Thread 0x0000000014b86800 nmethod 2272 0x0000000002e7c990 code [0x0000000002e7cb00, 0x0000000002e7cd28]
Event: 16.637 Thread 0x0000000014b86800 2271       3       java.lang.reflect.Field::getFieldAccessor (35 bytes)
Event: 16.637 Thread 0x0000000014b86800 nmethod 2271 0x0000000002e7e9d0 code [0x0000000002e7eb40, 0x0000000002e7ed88]
Event: 16.637 Thread 0x0000000014b73000 nmethod 2257 0x0000000002e7ee10 code [0x0000000002e7efa0, 0x0000000002e7f488]
Event: 16.637 Thread 0x0000000014b73000 2264       4       java.util.regex.Pattern$1::isSatisfiedBy (13 bytes)
Event: 16.638 Thread 0x0000000014b73000 nmethod 2264 0x0000000002e7cfd0 code [0x0000000002e7d100, 0x0000000002e7d198]
Event: 16.638 Thread 0x0000000014b73000 2263       4       java.util.regex.Pattern$7::isSatisfiedBy (28 bytes)
Event: 16.644 Thread 0x0000000014b73000 nmethod 2263 0x0000000002e7e190 code [0x0000000002e7e300, 0x0000000002e7e5c8]
Event: 16.644 Thread 0x0000000014b73000 2262       4       java.util.regex.Pattern$CharProperty::match (56 bytes)

GC Heap History (10 events):
Event: 2.032 GC heap before
{Heap before GC invocations=4 (full 0):
 PSYoungGen      total 18944K, used 18938K [0x00000000eb300000, 0x00000000ed800000, 0x0000000100000000)
  eden space 16384K, 100% used [0x00000000eb300000,0x00000000ec300000,0x00000000ec300000)
  from space 2560K, 99% used [0x00000000ec300000,0x00000000ec57e830,0x00000000ec580000)
  to   space 2560K, 0% used [0x00000000ed580000,0x00000000ed580000,0x00000000ed800000)
 ParOldGen       total 44032K, used 3287K [0x00000000c1800000, 0x00000000c4300000, 0x00000000eb300000)
  object space 44032K, 7% used [0x00000000c1800000,0x00000000c1b35e98,0x00000000c4300000)
 Metaspace       used 13531K, capacity 13620K, committed 13824K, reserved 1060864K
  class space    used 1509K, capacity 1533K, committed 1536K, reserved 1048576K
Event: 2.045 GC heap after
Heap after GC invocations=4 (full 0):
 PSYoungGen      total 35328K, used 2528K [0x00000000eb300000, 0x00000000ed800000, 0x0000000100000000)
  eden space 32768K, 0% used [0x00000000eb300000,0x00000000eb300000,0x00000000ed300000)
  from space 2560K, 98% used [0x00000000ed580000,0x00000000ed7f8040,0x00000000ed800000)
  to   space 2560K, 0% used [0x00000000ed300000,0x00000000ed300000,0x00000000ed580000)
 ParOldGen       total 44032K, used 6157K [0x00000000c1800000, 0x00000000c4300000, 0x00000000eb300000)
  object space 44032K, 13% used [0x00000000c1800000,0x00000000c1e035a0,0x00000000c4300000)
 Metaspace       used 13531K, capacity 13620K, committed 13824K, reserved 1060864K
  class space    used 1509K, capacity 1533K, committed 1536K, reserved 1048576K
}
Event: 9.997 GC heap before
{Heap before GC invocations=5 (full 0):
 PSYoungGen      total 35328K, used 35296K [0x00000000eb300000, 0x00000000ed800000, 0x0000000100000000)
  eden space 32768K, 100% used [0x00000000eb300000,0x00000000ed300000,0x00000000ed300000)
  from space 2560K, 98% used [0x00000000ed580000,0x00000000ed7f8040,0x00000000ed800000)
  to   space 2560K, 0% used [0x00000000ed300000,0x00000000ed300000,0x00000000ed580000)
 ParOldGen       total 44032K, used 6157K [0x00000000c1800000, 0x00000000c4300000, 0x00000000eb300000)
  object space 44032K, 13% used [0x00000000c1800000,0x00000000c1e035a0,0x00000000c4300000)
 Metaspace       used 15110K, capacity 15528K, committed 15616K, reserved 1062912K
  class space    used 1826K, capacity 2033K, committed 2048K, reserved 1048576K
Event: 10.046 GC heap after
Heap after GC invocations=5 (full 0):
 PSYoungGen      total 35328K, used 2528K [0x00000000eb300000, 0x00000000f0700000, 0x0000000100000000)
  eden space 32768K, 0% used [0x00000000eb300000,0x00000000eb300000,0x00000000ed300000)
  from space 2560K, 98% used [0x00000000ed300000,0x00000000ed578020,0x00000000ed580000)
  to   space 10240K, 0% used [0x00000000efd00000,0x00000000efd00000,0x00000000f0700000)
 ParOldGen       total 44032K, used 12899K [0x00000000c1800000, 0x00000000c4300000, 0x00000000eb300000)
  object space 44032K, 29% used [0x00000000c1800000,0x00000000c2498fc8,0x00000000c4300000)
 Metaspace       used 15110K, capacity 15528K, committed 15616K, reserved 1062912K
  class space    used 1826K, capacity 2033K, committed 2048K, reserved 1048576K
}
Event: 14.029 GC heap before
{Heap before GC invocations=6 (full 0):
 PSYoungGen      total 35328K, used 35296K [0x00000000eb300000, 0x00000000f0700000, 0x0000000100000000)
  eden space 32768K, 100% used [0x00000000eb300000,0x00000000ed300000,0x00000000ed300000)
  from space 2560K, 98% used [0x00000000ed300000,0x00000000ed578020,0x00000000ed580000)
  to   space 10240K, 0% used [0x00000000efd00000,0x00000000efd00000,0x00000000f0700000)
 ParOldGen       total 44032K, used 12899K [0x00000000c1800000, 0x00000000c4300000, 0x00000000eb300000)
  object space 44032K, 29% used [0x00000000c1800000,0x00000000c2498fc8,0x00000000c4300000)
 Metaspace       used 19115K, capacity 19832K, committed 19968K, reserved 1067008K
  class space    used 2366K, capacity 2705K, committed 2816K, reserved 1048576K
Event: 14.067 GC heap after
Heap after GC invocations=6 (full 0):
 PSYoungGen      total 74752K, used 7353K [0x00000000eb300000, 0x00000000f0900000, 0x0000000100000000)
  eden space 64512K, 0% used [0x00000000eb300000,0x00000000eb300000,0x00000000ef200000)
  from space 10240K, 71% used [0x00000000efd00000,0x00000000f042e458,0x00000000f0700000)
  to   space 11264K, 0% used [0x00000000ef200000,0x00000000ef200000,0x00000000efd00000)
 ParOldGen       total 44032K, used 12907K [0x00000000c1800000, 0x00000000c4300000, 0x00000000eb300000)
  object space 44032K, 29% used [0x00000000c1800000,0x00000000c249afc8,0x00000000c4300000)
 Metaspace       used 19115K, capacity 19832K, committed 19968K, reserved 1067008K
  class space    used 2366K, capacity 2705K, committed 2816K, reserved 1048576K
}
Event: 16.037 GC heap before
{Heap before GC invocations=7 (full 0):
 PSYoungGen      total 74752K, used 20284K [0x00000000eb300000, 0x00000000f0900000, 0x0000000100000000)
  eden space 64512K, 20% used [0x00000000eb300000,0x00000000ebfa0ec0,0x00000000ef200000)
  from space 10240K, 71% used [0x00000000efd00000,0x00000000f042e458,0x00000000f0700000)
  to   space 11264K, 0% used [0x00000000ef200000,0x00000000ef200000,0x00000000efd00000)
 ParOldGen       total 44032K, used 12907K [0x00000000c1800000, 0x00000000c4300000, 0x00000000eb300000)
  object space 44032K, 29% used [0x00000000c1800000,0x00000000c249afc8,0x00000000c4300000)
 Metaspace       used 20398K, capacity 21120K, committed 21296K, reserved 1067008K
  class space    used 2519K, capacity 2838K, committed 2864K, reserved 1048576K
Event: 16.066 GC heap after
Heap after GC invocations=7 (full 0):
 PSYoungGen      total 75776K, used 7856K [0x00000000eb300000, 0x00000000f4800000, 0x0000000100000000)
  eden space 64512K, 0% used [0x00000000eb300000,0x00000000eb300000,0x00000000ef200000)
  from space 11264K, 69% used [0x00000000ef200000,0x00000000ef9ac138,0x00000000efd00000)
  to   space 11776K, 0% used [0x00000000f3c80000,0x00000000f3c80000,0x00000000f4800000)
 ParOldGen       total 44032K, used 13394K [0x00000000c1800000, 0x00000000c4300000, 0x00000000eb300000)
  object space 44032K, 30% used [0x00000000c1800000,0x00000000c2514a30,0x00000000c4300000)
 Metaspace       used 20398K, capacity 21120K, committed 21296K, reserved 1067008K
  class space    used 2519K, capacity 2838K, committed 2864K, reserved 1048576K
}
Event: 16.066 GC heap before
{Heap before GC invocations=8 (full 1):
 PSYoungGen      total 75776K, used 7856K [0x00000000eb300000, 0x00000000f4800000, 0x0000000100000000)
  eden space 64512K, 0% used [0x00000000eb300000,0x00000000eb300000,0x00000000ef200000)
  from space 11264K, 69% used [0x00000000ef200000,0x00000000ef9ac138,0x00000000efd00000)
  to   space 11776K, 0% used [0x00000000f3c80000,0x00000000f3c80000,0x00000000f4800000)
 ParOldGen       total 44032K, used 13394K [0x00000000c1800000, 0x00000000c4300000, 0x00000000eb300000)
  object space 44032K, 30% used [0x00000000c1800000,0x00000000c2514a30,0x00000000c4300000)
 Metaspace       used 20398K, capacity 21120K, committed 21296K, reserved 1067008K
  class space    used 2519K, capacity 2838K, committed 2864K, reserved 1048576K
Event: 16.238 GC heap after
Heap after GC invocations=8 (full 1):
 PSYoungGen      total 75776K, used 0K [0x00000000eb300000, 0x00000000f4800000, 0x0000000100000000)
  eden space 64512K, 0% used [0x00000000eb300000,0x00000000eb300000,0x00000000ef200000)
  from space 11264K, 0% used [0x00000000ef200000,0x00000000ef200000,0x00000000efd00000)
  to   space 11776K, 0% used [0x00000000f3c80000,0x00000000f3c80000,0x00000000f4800000)
 ParOldGen       total 47616K, used 16750K [0x00000000c1800000, 0x00000000c4680000, 0x00000000eb300000)
  object space 47616K, 35% used [0x00000000c1800000,0x00000000c285bbe0,0x00000000c4680000)
 Metaspace       used 20398K, capacity 21120K, committed 21296K, reserved 1067008K
  class space    used 2519K, capacity 2838K, committed 2864K, reserved 1048576K
}

Deoptimization events (10 events):
Event: 15.419 Thread 0x0000000002463800 Uncommon trap: reason=class_check action=maybe_recompile pc=0x0000000002c27e34 method=java.util.regex.Pattern$Curly.match(Ljava/util/regex/Matcher;ILjava/lang/CharSequence;)Z @ 19
Event: 15.427 Thread 0x0000000002463800 Uncommon trap: reason=class_check action=maybe_recompile pc=0x0000000002c27e34 method=java.util.regex.Pattern$Curly.match(Ljava/util/regex/Matcher;ILjava/lang/CharSequence;)Z @ 19
Event: 15.427 Thread 0x0000000002463800 Uncommon trap: reason=class_check action=maybe_recompile pc=0x0000000002c27e34 method=java.util.regex.Pattern$Curly.match(Ljava/util/regex/Matcher;ILjava/lang/CharSequence;)Z @ 19
Event: 15.575 Thread 0x0000000002463800 Uncommon trap: reason=unstable_if action=reinterpret pc=0x0000000002abb874 method=java.util.concurrent.ConcurrentHashMap.putVal(Ljava/lang/Object;Ljava/lang/Object;Z)Ljava/lang/Object; @ 181
Event: 15.968 Thread 0x0000000002463800 Uncommon trap: reason=unstable_if action=reinterpret pc=0x0000000002bc6220 method=groovyjarjarasm.asm.Type.getArgumentsAndReturnSizes(Ljava/lang/String;)I @ 47
Event: 15.968 Thread 0x0000000002463800 Uncommon trap: reason=unstable_if action=reinterpret pc=0x0000000002b2de14 method=groovyjarjarasm.asm.Type.getArgumentsAndReturnSizes(Ljava/lang/String;)I @ 47
Event: 16.019 Thread 0x0000000002463800 Uncommon trap: reason=unstable_if action=reinterpret pc=0x0000000002ba1024 method=java.lang.ref.ReferenceQueue.poll()Ljava/lang/ref/Reference; @ 4
Event: 16.420 Thread 0x0000000002463800 Uncommon trap: reason=unstable_if action=reinterpret pc=0x0000000002dbe814 method=java.util.HashMap$HashIterator.<init>(Ljava/util/HashMap;)V @ 45
Event: 16.628 Thread 0x0000000002463800 Uncommon trap: reason=class_check action=maybe_recompile pc=0x0000000002cff89c method=java.util.regex.Matcher.search(I)Z @ 86
Event: 16.635 Thread 0x0000000002463800 Uncommon trap: reason=unstable_if action=reinterpret pc=0x0000000002da4fc4 method=java.lang.ThreadLocal$ThreadLocalMap.getEntry(Ljava/lang/ThreadLocal;)Ljava/lang/ThreadLocal$ThreadLocalMap$Entry; @ 29

Classes redefined (0 events):
No events

Internal exceptions (10 events):
Event: 16.364 Thread 0x0000000002463800 Exception <a 'java/lang/ClassNotFoundException': io/restassured/internal/log/LogRepositoryBeanInfo> (0x00000000eb619530) thrown at [C:\re\workspace\8-2-build-windows-amd64-cygwin\jdk8u171\10807\hotspot\src\share\vm\classfile\systemDictionary.cpp, line 210
Event: 16.364 Thread 0x0000000002463800 Exception <a 'java/lang/ClassNotFoundException': io/restassured/internal/log/LogRepositoryCustomizer> (0x00000000eb629f08) thrown at [C:\re\workspace\8-2-build-windows-amd64-cygwin\jdk8u171\10807\hotspot\src\share\vm\classfile\systemDictionary.cpp, line 2
Event: 16.385 Thread 0x0000000002463800 Exception <a 'java/lang/ClassNotFoundException': java/lang/AssertionErrorBeanInfo> (0x00000000eb66fba8) thrown at [C:\re\workspace\8-2-build-windows-amd64-cygwin\jdk8u171\10807\hotspot\src\share\vm\classfile\systemDictionary.cpp, line 210]
Event: 16.385 Thread 0x0000000002463800 Exception <a 'java/lang/ClassNotFoundException': java/lang/ErrorBeanInfo> (0x00000000eb6752c0) thrown at [C:\re\workspace\8-2-build-windows-amd64-cygwin\jdk8u171\10807\hotspot\src\share\vm\classfile\systemDictionary.cpp, line 210]
Event: 16.385 Thread 0x0000000002463800 Exception <a 'java/lang/ClassNotFoundException': java/lang/ThrowableBeanInfo> (0x00000000eb67b1d8) thrown at [C:\re\workspace\8-2-build-windows-amd64-cygwin\jdk8u171\10807\hotspot\src\share\vm\classfile\systemDictionary.cpp, line 210]
Event: 16.386 Thread 0x0000000002463800 Exception <a 'java/lang/ClassNotFoundException': java/lang/ThrowableCustomizer> (0x00000000eb6812f0) thrown at [C:\re\workspace\8-2-build-windows-amd64-cygwin\jdk8u171\10807\hotspot\src\share\vm\classfile\systemDictionary.cpp, line 210]
Event: 16.387 Thread 0x0000000002463800 Exception <a 'java/lang/ClassNotFoundException': java/lang/ErrorCustomizer> (0x00000000eb691230) thrown at [C:\re\workspace\8-2-build-windows-amd64-cygwin\jdk8u171\10807\hotspot\src\share\vm\classfile\systemDictionary.cpp, line 210]
Event: 16.387 Thread 0x0000000002463800 Exception <a 'java/lang/ClassNotFoundException': java/lang/AssertionErrorCustomizer> (0x00000000eb699da0) thrown at [C:\re\workspace\8-2-build-windows-amd64-cygwin\jdk8u171\10807\hotspot\src\share\vm\classfile\systemDictionary.cpp, line 210]
Event: 16.388 Thread 0x0000000002463800 Exception <a 'java/lang/reflect/InvocationTargetException'> (0x00000000eb6a0840) thrown at [C:\re\workspace\8-2-build-windows-amd64-cygwin\jdk8u171\10807\hotspot\src\share\vm\runtime\reflection.cpp, line 1092]
Event: 16.388 Thread 0x0000000002463800 Exception <a 'java/lang/reflect/InvocationTargetException'> (0x00000000eb6a0c38) thrown at [C:\re\workspace\8-2-build-windows-amd64-cygwin\jdk8u171\10807\hotspot\src\share\vm\runtime\reflection.cpp, line 1092]

Events (10 events):
Event: 16.628 Thread 0x0000000002463800 Uncommon trap: trap_request=0xffffffde fr.pc=0x0000000002cff89c
Event: 16.628 Thread 0x0000000002463800 DEOPT PACKING pc=0x0000000002cff89c sp=0x000000000243e9f0
Event: 16.628 Thread 0x0000000002463800 DEOPT UNPACKING pc=0x00000000025a583b sp=0x000000000243e9a8 mode 2
Event: 16.635 Thread 0x0000000002463800 Uncommon trap: trap_request=0xffffff65 fr.pc=0x0000000002da4fc4
Event: 16.635 Thread 0x0000000002463800 DEOPT PACKING pc=0x0000000002da4fc4 sp=0x000000000243e8e0
Event: 16.635 Thread 0x0000000002463800 DEOPT UNPACKING pc=0x00000000025a583b sp=0x000000000243e7b0 mode 2
Event: 16.638 loading class org/testng/SuiteResult
Event: 16.638 loading class org/testng/SuiteResult done
Event: 16.638 loading class org/testng/ISuiteResult
Event: 16.638 loading class org/testng/ISuiteResult done


Dynamic libraries:
0x00007ff7256f0000 - 0x00007ff725727000 	C:\Program Files\Java\jre1.8.0_171\bin\javaw.exe
0x00007ff915530000 - 0x00007ff9156dd000 	C:\Windows\SYSTEM32\ntdll.dll
0x00007ff914d50000 - 0x00007ff914e8e000 	C:\Windows\system32\KERNEL32.DLL
0x00007ff8e8df0000 - 0x00007ff8e8e02000 	C:\Program Files\AVAST Software\Avast\aswhook.dll
0x00007ff912aa0000 - 0x00007ff912bb6000 	C:\Windows\system32\KERNELBASE.dll
0x00007ff911220000 - 0x00007ff9112ae000 	C:\Windows\system32\apphelp.dll
0x00007ff909130000 - 0x00007ff909184000 	C:\Windows\AppPatch\AppPatch64\AcGenral.DLL
0x00007ff9148b0000 - 0x00007ff91495a000 	C:\Windows\system32\msvcrt.dll
0x00007ff912730000 - 0x00007ff91275e000 	C:\Windows\system32\SspiCli.dll
0x00007ff913240000 - 0x00007ff913294000 	C:\Windows\system32\SHLWAPI.dll
0x00007ff915380000 - 0x00007ff9154f7000 	C:\Windows\system32\USER32.dll
0x00007ff912de0000 - 0x00007ff912f74000 	C:\Windows\system32\ole32.dll
0x00007ff9132b0000 - 0x00007ff9147db000 	C:\Windows\system32\SHELL32.dll
0x00007ff911ca0000 - 0x00007ff911cc1000 	C:\Windows\SYSTEM32\USERENV.dll
0x00007ff912f80000 - 0x00007ff91302a000 	C:\Windows\system32\ADVAPI32.dll
0x00007ff90b7c0000 - 0x00007ff90b7de000 	C:\Windows\SYSTEM32\MPR.dll
0x00007ff913100000 - 0x00007ff913240000 	C:\Windows\system32\RPCRT4.dll
0x00007ff9151c0000 - 0x00007ff915219000 	C:\Windows\SYSTEM32\sechost.dll
0x00007ff912bd0000 - 0x00007ff912de0000 	C:\Windows\SYSTEM32\combase.dll
0x00007ff914e90000 - 0x00007ff914fdc000 	C:\Windows\system32\GDI32.dll
0x00007ff912660000 - 0x00007ff912675000 	C:\Windows\SYSTEM32\profapi.dll
0x00007ff910bf0000 - 0x00007ff910ca2000 	C:\Windows\SYSTEM32\SHCORE.dll
0x00007ff914d10000 - 0x00007ff914d46000 	C:\Windows\system32\IMM32.DLL
0x00007ff915220000 - 0x00007ff915371000 	C:\Windows\system32\MSCTF.dll
0x00007ff910770000 - 0x00007ff9109eb000 	C:\Windows\WinSxS\amd64_microsoft.windows.common-controls_6595b64144ccf1df_6.0.9600.18006_none_623f33d3ecbe86e8\COMCTL32.dll
0x000000005e7a0000 - 0x000000005e872000 	C:\Program Files\Java\jre1.8.0_171\bin\msvcr100.dll
0x000000005e880000 - 0x000000005f120000 	C:\Program Files\Java\jre1.8.0_171\bin\server\jvm.dll
0x00007ff908d00000 - 0x00007ff908d09000 	C:\Windows\SYSTEM32\WSOCK32.dll
0x00007ff90fe30000 - 0x00007ff90fe52000 	C:\Windows\SYSTEM32\WINMM.dll
0x00007ff90fe60000 - 0x00007ff90fe6a000 	C:\Windows\SYSTEM32\VERSION.dll
0x00007ff914840000 - 0x00007ff914847000 	C:\Windows\system32\PSAPI.DLL
0x00007ff9147e0000 - 0x00007ff91483a000 	C:\Windows\system32\WS2_32.dll
0x00007ff90f6e0000 - 0x00007ff90f70a000 	C:\Windows\SYSTEM32\WINMMBASE.dll
0x00007ff915500000 - 0x00007ff915509000 	C:\Windows\system32\NSI.dll
0x00007ff912940000 - 0x00007ff91298f000 	C:\Windows\SYSTEM32\cfgmgr32.dll
0x00007ff911470000 - 0x00007ff911498000 	C:\Windows\SYSTEM32\DEVOBJ.dll
0x000000005e790000 - 0x000000005e79f000 	C:\Program Files\Java\jre1.8.0_171\bin\verify.dll
0x000000005e760000 - 0x000000005e789000 	C:\Program Files\Java\jre1.8.0_171\bin\java.dll
0x000000005e740000 - 0x000000005e756000 	C:\Program Files\Java\jre1.8.0_171\bin\zip.dll
0x000000005e720000 - 0x000000005e73a000 	C:\Program Files\Java\jre1.8.0_171\bin\net.dll
0x00007ff911f60000 - 0x00007ff911fb9000 	C:\Windows\system32\mswsock.dll
0x00007ff911d60000 - 0x00007ff911e04000 	C:\Windows\SYSTEM32\DNSAPI.dll
0x00007ff8fe630000 - 0x00007ff8fe63a000 	C:\Windows\System32\rasadhlp.dll
0x00007ff90b050000 - 0x00007ff90b0bb000 	C:\Windows\System32\fwpuclnt.dll
0x00007ff911fc0000 - 0x00007ff911fe0000 	C:\Windows\SYSTEM32\CRYPTSP.dll
0x00007ff911b90000 - 0x00007ff911bc6000 	C:\Windows\system32\rsaenh.dll
0x00007ff912210000 - 0x00007ff912236000 	C:\Windows\SYSTEM32\bcrypt.dll
0x00007ff912530000 - 0x00007ff912593000 	C:\Windows\system32\bcryptprimitives.dll
0x00007ff9125a0000 - 0x00007ff9125ab000 	C:\Windows\SYSTEM32\CRYPTBASE.dll
0x00007ff90c690000 - 0x00007ff90c6ba000 	C:\Windows\SYSTEM32\IPHLPAPI.DLL
0x00007ff90c680000 - 0x00007ff90c68a000 	C:\Windows\SYSTEM32\WINNSI.DLL
0x00007ff90af70000 - 0x00007ff90af86000 	C:\Windows\SYSTEM32\dhcpcsvc6.DLL
0x00007ff90b180000 - 0x00007ff90b19a000 	C:\Windows\SYSTEM32\dhcpcsvc.DLL
0x000000005e700000 - 0x000000005e711000 	C:\Program Files\Java\jre1.8.0_171\bin\nio.dll
0x000000005e6d0000 - 0x000000005e6f4000 	C:\Program Files\Java\jre1.8.0_171\bin\sunec.dll
0x000000005e6c0000 - 0x000000005e6cb000 	C:\Program Files\Java\jre1.8.0_171\bin\sunmscapi.dll
0x00007ff912760000 - 0x00007ff91293f000 	C:\Windows\system32\CRYPT32.dll
0x00007ff912710000 - 0x00007ff912721000 	C:\Windows\system32\MSASN1.dll
0x00007ff904130000 - 0x00007ff904145000 	C:\Windows\system32\napinsp.dll
0x00007ff903f70000 - 0x00007ff903f8a000 	C:\Windows\system32\pnrpnsp.dll
0x00007ff90dec0000 - 0x00007ff90dedb000 	C:\Windows\system32\NLAapi.dll
0x00007ff90e330000 - 0x00007ff90e33d000 	C:\Windows\System32\winrnr.dll
0x00007ff903f50000 - 0x00007ff903f64000 	C:\Windows\system32\wshbth.dll

VM Arguments:
jvm_args: -ea -Dfile.encoding=Cp1252 
java_command: org.testng.remote.RemoteTestNG -serport 7789 -protocol json -d D:\Selenium_Projects\Project\RestAssuredTesting\test-output C:\Users\DELL1\AppData\Local\Temp\testng-eclipse-299136456\testng-customsuite.xml
java_class_path (initial): C:\Users\DELL1\eclipse\jee-oxygen\eclipse\configuration\org.eclipse.osgi\1205\0\.cp\lib\testng-remote.jar;C:\Program Files\Java\jre1.8.0_171\lib\resources.jar;C:\Program Files\Java\jre1.8.0_171\lib\rt.jar;C:\Program Files\Java\jre1.8.0_171\lib\jsse.jar;C:\Program Files\Java\jre1.8.0_171\lib\jce.jar;C:\Program Files\Java\jre1.8.0_171\lib\charsets.jar;C:\Program Files\Java\jre1.8.0_171\lib\jfr.jar;C:\Program Files\Java\jre1.8.0_171\lib\ext\access-bridge-64.jar;C:\Program Files\Java\jre1.8.0_171\lib\ext\cldrdata.jar;C:\Program Files\Java\jre1.8.0_171\lib\ext\dnsns.jar;C:\Program Files\Java\jre1.8.0_171\lib\ext\jaccess.jar;C:\Program Files\Java\jre1.8.0_171\lib\ext\jfxrt.jar;C:\Program Files\Java\jre1.8.0_171\lib\ext\localedata.jar;C:\Program Files\Java\jre1.8.0_171\lib\ext\nashorn.jar;C:\Program Files\Java\jre1.8.0_171\lib\ext\sunec.jar;C:\Program Files\Java\jre1.8.0_171\lib\ext\sunjce_provider.jar;C:\Program Files\Java\jre1.8.0_171\lib\ext\sunmscapi.jar;C:\Program Files\Java\jre1.8.0_171\lib\ext\sunpkcs11.jar;C:\Program Files\Java\jre1.8.0_171\lib\ext\zipfs.jar;C:\Windows\Sun\Java\lib\ext\jpcap.jar;D:\Selenium_Projects\Project\RestAssuredTesting\bin;D:\Selenium_Projects\rest-assured-3.3.0-dist\docs\json-path-3.3.0-javadoc.jar;D:\Selenium_Projects\rest-assured-3.3.0-dist\docs\json-path-3.3.0-sources.jar;D:\Selenium_Projects\rest-assured-3.3.0-dist\docs\rest-assured-3.3.0-javadoc.jar;D:\Selenium_Projects\rest-assured-3.3.0-dist\docs\rest-assured-3.3.0-sources.jar;D:\Selenium_Projects\rest-assured-3.3.0-dist\docs\rest-assured-common-3.3.0-javadoc.jar;D:\Selenium_Projects\rest-assured-3.3.0-dist\docs\rest-assured-common-3.3.0-sources.jar;D:\Selenium_Projects\rest-assured-3.3.0-dist\docs\xml-path-3.3.0-javadoc.jar;D:\Selenium_Projects\rest-assured-3.3.0-dist\docs\xml-path-3.3.0-sources.jar;D:\Selenium_Projects\rest-assured-3.3.0-dist\rest-assured-3.3.0-deps\activation-1.1.1.jar;D:\Selenium_Projects\rest-assured-3.3.0-dist\rest-assured-3.3.0-dep
Launcher Type: SUN_STANDARD

Environment Variables:
CLASSPATH=C:\apache-tomcat-9.0.5\lib\servlet-api.jar;
PATH=C:/Program Files/Java/jre1.8.0_171/bin/server;C:/Program Files/Java/jre1.8.0_171/bin;C:/Program Files/Java/jre1.8.0_171/lib/amd64;C:\Program Files (x86)\Common Files\Oracle\Java\javapath;C:\Program Files\Java\jdk1.8.0_161\bin;C:\ProgramData\Oracle\Java\javapath;C:\Windows\system32;C:\Windows;C:\Windows\System32\Wbem;C:\Windows\System32\WindowsPowerShell\v1.0\;C:\Program Files (x86)\MySQL\MySQL Server 5.1\bin;C:\Program Files\Java\jdk1.8.0_171\bin;C:\Program Files\nodejs\;C:\Program Files\Git\cmd;D:\python\Scripts\;D:\python\;C:\Users\DELL1\AppData\Local\Programs\Microsoft VS Code\bin;C:\Users\DELL1\AppData\Roaming\npm;C:\Users\DELL1\eclipse\jee-oxygen\eclipse;
USERNAME=DELL1
OS=Windows_NT
PROCESSOR_IDENTIFIER=Intel64 Family 6 Model 69 Stepping 1, GenuineIntel



---------------  S Y S T E M  ---------------

OS: Windows 8.1 , 64 bit Build 9600 (6.3.9600.17415)

CPU:total 4 (initial active 4) (2 cores per cpu, 2 threads per core) family 6 model 69 stepping 1, cmov, cx8, fxsr, mmx, sse, sse2, sse3, ssse3, sse4.1, sse4.2, popcnt, avx, avx2, aes, clmul, erms, lzcnt, ht, tsc, tscinvbit, bmi1, bmi2

Memory: 4k page, physical 4095856k(206748k free), swap 7241584k(2744k free)

vm_info: Java HotSpot(TM) 64-Bit Server VM (25.171-b11) for windows-amd64 JRE (1.8.0_171-b11), built on Mar 28 2018 16:06:12 by "java_re" with MS VC++ 10.0 (VS2010)

time: Mon Feb 04 20:22:55 2019
elapsed time: 16 seconds (0d 0h 0m 16s)

